<?xml version="1.0" encoding="UTF-8"?>
<!-- Generated by org.testng.reporters.JUnitReportReporter -->
<testsuite hostname="Administrators-MacBook-Air.local" failures="0" tests="2" name="day46.YourTestClass" time="0.003" errors="0" timestamp="2024-09-04T14:59:04 IST" skipped="0">
  <testcase classname="day46.YourTestClass" name="testMethod2" time="0.000"/>
  <system-out/>
  <testcase classname="day46.YourTestClass" name="testMethod1" time="0.003"/>
  <system-out/>
</testsuite> <!-- day46.YourTestClass -->
